<?xml version="1.0" encoding="UTF-8"?>
<!-- Generated by org.testng.reporters.JUnitXMLReporter -->
<testsuite ignored="7" hostname="HPE-5CG3305631" failures="0" tests="2" name="Default test(failed)" time="68.089" errors="0" timestamp="2026-01-04T18:01:48 IST">
  <testcase classname="com.cms.tests.DeleteContactTest" name="testcase02" time="53.966"/>
  <testcase classname="com.cms.tests.SessionNavigationTest" name="testcase03" time="0.846"/>
  <testcase classname="com.cms.start.Start" name="@BeforeSuite beforesuite" time="0.0">
    <ignored/>
  </testcase> <!-- @BeforeSuite beforesuite -->
  <testcase classname="com.cms.start.Start" name="@AfterSuite aftersuite" time="0.0">
    <ignored/>
  </testcase> <!-- @AfterSuite aftersuite -->
  <testcase classname="com.cms.tests.SessionNavigationTest" name="testcase04" time="0.0">
    <ignored/>
  </testcase> <!-- testcase04 -->
  <testcase classname="com.cms.tests.SessionNavigationTest" name="testcase02" time="0.0">
    <ignored/>
  </testcase> <!-- testcase02 -->
  <testcase classname="com.cms.tests.DeleteContactTest" name="testcase01" time="0.0">
    <ignored/>
  </testcase> <!-- testcase01 -->
  <testcase classname="com.cms.tests.DeleteContactTest" name="testcase03" time="0.0">
    <ignored/>
  </testcase> <!-- testcase03 -->
  <testcase classname="com.cms.tests.SessionNavigationTest" name="testcase01" time="0.0">
    <ignored/>
  </testcase> <!-- testcase01 -->
</testsuite> <!-- Default test(failed) -->
