<?xml version="1.0" encoding="UTF-8"?>
<testng-results ignored="0" total="2" passed="2" failed="0" skipped="0">
  <reporter-output>
  </reporter-output>
  <suite started-at="2026-01-18T20:07:19 IST" name="Default suite" finished-at="2026-01-18T20:07:42 IST" duration-ms="22907">
    <groups>
    </groups>
    <test started-at="2026-01-18T20:07:19 IST" name="Default test" finished-at="2026-01-18T20:07:42 IST" duration-ms="22907">
      <class name="com.cms.tests.ValidationTest">
        <test-method is-config="true" signature="beforesuite()[pri:0, instance:com.cms.tests.ValidationTest@4b2bac3f]" started-at="2026-01-18T20:07:19 IST" name="beforesuite" finished-at="2026-01-18T20:07:19 IST" duration-ms="198" status="PASS">
          <reporter-output>
          </reporter-output>
        </test-method> <!-- beforesuite -->
        <test-method is-config="true" signature="beforemethod()[pri:0, instance:com.cms.tests.ValidationTest@4b2bac3f]" started-at="2026-01-18T20:07:20 IST" name="beforemethod" finished-at="2026-01-18T20:07:25 IST" duration-ms="4603" status="PASS">
          <reporter-output>
          </reporter-output>
        </test-method> <!-- beforemethod -->
        <test-method signature="testcase01(java.lang.String,java.lang.String,java.lang.String,java.lang.String,java.lang.String,java.lang.String,java.lang.String,java.lang.String,java.lang.String,java.lang.String,java.lang.String,java.lang.String,java.lang.String)[pri:0, instance:com.cms.tests.ValidationTest@4b2bac3f]" started-at="2026-01-18T20:07:25 IST" name="testcase01" data-provider="ValidationData" finished-at="2026-01-18T20:07:31 IST" duration-ms="6034" status="PASS">
          <params>
            <param index="0">
              <value>
                <![CDATA[yoga@test6.com]]>
              </value>
            </param>
            <param index="1">
              <value>
                <![CDATA[Test@123]]>
              </value>
            </param>
            <param index="2">
              <value>
                <![CDATA[aaaaaaaaaaaaaaaaaaaaaaaaaaaaaaaaaaaaaaaaaaaaaaaaaaaaaaaaaaaaaaaaaaaaaaaaaaaaaaaaaaaaaaaaaaaaaaaaaaaaaaaaaaaaaaaaaaaaaaaaaaaaaaaaaaaaaaaaaaaaaaaaaaaaaaaaaaaaaaaaaaaaaaaaaaaaaaaaaaaaaaaaaaaaaaaaaaaaaaaaaaaaaaaaaaaaaaaaaaaaaaaaaaaaaaaaaaaaaaaaaaaaaaaaaaaaaaaaaaaaaaaaaaaaaaaaaaaaaaaaaaaaaaaaaa]]>
              </value>
            </param>
            <param index="3">
              <value>
                <![CDATA[b]]>
              </value>
            </param>
            <param index="4">
              <value>
                <![CDATA[1726-05-08]]>
              </value>
            </param>
            <param index="5">
              <value>
                <![CDATA[aaaa@test.com]]>
              </value>
            </param>
            <param index="6">
              <value>
                <![CDATA[7777777777]]>
              </value>
            </param>
            <param index="7">
              <value>
                <![CDATA[aaaaa]]>
              </value>
            </param>
            <param index="8">
              <value>
                <![CDATA[abcdef]]>
              </value>
            </param>
            <param index="9">
              <value>
                <![CDATA[bsgjsgs]]>
              </value>
            </param>
            <param index="10">
              <value>
                <![CDATA[nmskk]]>
              </value>
            </param>
            <param index="11">
              <value>
                <![CDATA[234323]]>
              </value>
            </param>
            <param index="12">
              <value>
                <![CDATA[India]]>
              </value>
            </param>
          </params>
          <reporter-output>
          </reporter-output>
        </test-method> <!-- testcase01 -->
        <test-method is-config="true" signature="aftermethod()[pri:0, instance:com.cms.tests.ValidationTest@4b2bac3f]" started-at="2026-01-18T20:07:31 IST" name="aftermethod" finished-at="2026-01-18T20:07:31 IST" duration-ms="0" status="PASS">
          <reporter-output>
          </reporter-output>
        </test-method> <!-- aftermethod -->
        <test-method is-config="true" signature="beforemethod()[pri:0, instance:com.cms.tests.ValidationTest@4b2bac3f]" started-at="2026-01-18T20:07:31 IST" name="beforemethod" finished-at="2026-01-18T20:07:37 IST" duration-ms="6004" status="PASS">
          <reporter-output>
          </reporter-output>
        </test-method> <!-- beforemethod -->
        <test-method signature="testcase02(java.lang.String,java.lang.String,java.lang.String,java.lang.String,java.lang.String,java.lang.String,java.lang.String,java.lang.String,java.lang.String,java.lang.String,java.lang.String,java.lang.String,java.lang.String)[pri:0, instance:com.cms.tests.ValidationTest@4b2bac3f]" started-at="2026-01-18T20:07:37 IST" name="testcase02" data-provider="ValidationData" finished-at="2026-01-18T20:07:42 IST" duration-ms="5284" status="PASS">
          <params>
            <param index="0">
              <value>
                <![CDATA[yoga@test6.com]]>
              </value>
            </param>
            <param index="1">
              <value>
                <![CDATA[Test@123]]>
              </value>
            </param>
            <param index="2">
              <value>
                <![CDATA[Anu]]>
              </value>
            </param>
            <param index="3">
              <value>
                <![CDATA[R]]>
              </value>
            </param>
            <param index="4">
              <value>
                <![CDATA[1726-05-08]]>
              </value>
            </param>
            <param index="5">
              <value>
                <![CDATA[aaaa@test.com]]>
              </value>
            </param>
            <param index="6">
              <value>
                <![CDATA[7777777777]]>
              </value>
            </param>
            <param index="7">
              <value>
                <![CDATA[@#*&%$%^&^]]>
              </value>
            </param>
            <param index="8">
              <value>
                <![CDATA[&&&&&&&&]]>
              </value>
            </param>
            <param index="9">
              <value>
                <![CDATA[bsgjsgs]]>
              </value>
            </param>
            <param index="10">
              <value>
                <![CDATA[nmskk]]>
              </value>
            </param>
            <param index="11">
              <value>
                <![CDATA[234323]]>
              </value>
            </param>
            <param index="12">
              <value>
                <![CDATA[India]]>
              </value>
            </param>
          </params>
          <reporter-output>
          </reporter-output>
        </test-method> <!-- testcase02 -->
        <test-method is-config="true" signature="aftermethod()[pri:0, instance:com.cms.tests.ValidationTest@4b2bac3f]" started-at="2026-01-18T20:07:42 IST" name="aftermethod" finished-at="2026-01-18T20:07:42 IST" duration-ms="1" status="PASS">
          <reporter-output>
          </reporter-output>
        </test-method> <!-- aftermethod -->
        <test-method is-config="true" signature="aftersuite()[pri:0, instance:com.cms.tests.ValidationTest@4b2bac3f]" started-at="2026-01-18T20:07:42 IST" name="aftersuite" finished-at="2026-01-18T20:07:43 IST" duration-ms="696" status="PASS">
          <reporter-output>
          </reporter-output>
        </test-method> <!-- aftersuite -->
      </class> <!-- com.cms.tests.ValidationTest -->
    </test> <!-- Default test -->
  </suite> <!-- Default suite -->
</testng-results>
