<?xml version="1.0" encoding="UTF-8"?>
<testng-results ignored="0" total="2" passed="2" failed="0" skipped="0">
  <reporter-output>
  </reporter-output>
  <suite started-at="2026-01-04T18:05:43 IST" name="Default suite" finished-at="2026-01-04T18:06:09 IST" duration-ms="25344">
    <groups>
    </groups>
    <test started-at="2026-01-04T18:05:43 IST" name="Default test" finished-at="2026-01-04T18:06:09 IST" duration-ms="25344">
      <class name="com.cms.tests.ValidationTest">
        <test-method is-config="true" signature="beforesuite()[pri:0, instance:com.cms.tests.ValidationTest@1165b38]" started-at="2026-01-04T18:05:43 IST" name="beforesuite" finished-at="2026-01-04T18:05:43 IST" duration-ms="186" status="PASS">
          <reporter-output>
          </reporter-output>
        </test-method> <!-- beforesuite -->
        <test-method is-config="true" signature="beforemethod()[pri:0, instance:com.cms.tests.ValidationTest@1165b38]" started-at="2026-01-04T18:05:43 IST" name="beforemethod" finished-at="2026-01-04T18:05:51 IST" duration-ms="7256" status="PASS">
          <reporter-output>
          </reporter-output>
        </test-method> <!-- beforemethod -->
        <test-method signature="testcase01()[pri:0, instance:com.cms.tests.ValidationTest@1165b38]" started-at="2026-01-04T18:05:51 IST" name="testcase01" finished-at="2026-01-04T18:05:56 IST" duration-ms="5734" status="PASS">
          <reporter-output>
          </reporter-output>
        </test-method> <!-- testcase01 -->
        <test-method is-config="true" signature="aftermethod()[pri:0, instance:com.cms.tests.ValidationTest@1165b38]" started-at="2026-01-04T18:05:56 IST" name="aftermethod" finished-at="2026-01-04T18:05:56 IST" duration-ms="0" status="PASS">
          <reporter-output>
          </reporter-output>
        </test-method> <!-- aftermethod -->
        <test-method is-config="true" signature="beforemethod()[pri:0, instance:com.cms.tests.ValidationTest@1165b38]" started-at="2026-01-04T18:05:56 IST" name="beforemethod" finished-at="2026-01-04T18:06:04 IST" duration-ms="7263" status="PASS">
          <reporter-output>
          </reporter-output>
        </test-method> <!-- beforemethod -->
        <test-method signature="testcase02()[pri:0, instance:com.cms.tests.ValidationTest@1165b38]" started-at="2026-01-04T18:06:04 IST" name="testcase02" finished-at="2026-01-04T18:06:09 IST" duration-ms="5041" status="PASS">
          <reporter-output>
          </reporter-output>
        </test-method> <!-- testcase02 -->
        <test-method is-config="true" signature="aftermethod()[pri:0, instance:com.cms.tests.ValidationTest@1165b38]" started-at="2026-01-04T18:06:09 IST" name="aftermethod" finished-at="2026-01-04T18:06:09 IST" duration-ms="0" status="PASS">
          <reporter-output>
          </reporter-output>
        </test-method> <!-- aftermethod -->
        <test-method is-config="true" signature="aftersuite()[pri:0, instance:com.cms.tests.ValidationTest@1165b38]" started-at="2026-01-04T18:06:09 IST" name="aftersuite" finished-at="2026-01-04T18:06:09 IST" duration-ms="563" status="PASS">
          <reporter-output>
          </reporter-output>
        </test-method> <!-- aftersuite -->
      </class> <!-- com.cms.tests.ValidationTest -->
    </test> <!-- Default test -->
  </suite> <!-- Default suite -->
</testng-results>
