<?xml version="1.0" encoding="UTF-8"?>
<!-- Generated by org.testng.reporters.JUnitXMLReporter -->
<testsuite ignored="0" hostname="HPE-5CG3305631" failures="0" tests="5" name="chrome" time="45.964" errors="0" timestamp="2026-01-04T16:05:04 IST">
  <testcase classname="com.cms.tests.LoginTest" name="testcase01" time="2.405"/>
  <testcase classname="com.cms.tests.LoginTest" name="testcase02" time="1.647"/>
  <testcase classname="com.cms.tests.LoginTest" name="testcase03" time="1.699"/>
  <testcase classname="com.cms.tests.LoginTest" name="testcase04" time="1.706"/>
  <testcase classname="com.cms.tests.LoginTest" name="testcase05" time="0.941"/>
</testsuite> <!-- chrome -->
