<?xml version="1.0" encoding="UTF-8"?>
<!-- Generated by org.testng.reporters.JUnitReportReporter -->
<testsuite hostname="HPE-5CG3305631" failures="0" tests="4" name="com.cms.tests.SessionNavigationTest" time="36.328" errors="0" timestamp="2026-01-18T19:52:55 IST" skipped="0">
  <testcase classname="com.cms.tests.SessionNavigationTest" name="testcase03" time="6.912"/>
  <testcase classname="com.cms.tests.SessionNavigationTest" name="testcase04" time="9.791"/>
  <testcase classname="com.cms.tests.SessionNavigationTest" name="testcase02" time="9.505"/>
  <testcase classname="com.cms.tests.SessionNavigationTest" name="testcase01" time="10.120"/>
</testsuite> <!-- com.cms.tests.SessionNavigationTest -->
