<?xml version="1.0" encoding="UTF-8"?>
<!-- Generated by org.testng.reporters.JUnitReportReporter -->
<testsuite hostname="HPE-5CG3305631" failures="0" tests="5" name="com.cms.tests.LoginTest" time="36.673" errors="0" timestamp="2026-01-18T18:33:17 IST" skipped="0">
  <testcase classname="com.cms.tests.LoginTest" name="testcase04" time="7.393"/>
  <testcase classname="com.cms.tests.LoginTest" name="testcase03" time="8.536"/>
  <testcase classname="com.cms.tests.LoginTest" name="testcase05" time="5.644"/>
  <testcase classname="com.cms.tests.LoginTest" name="testcase02" time="7.099"/>
  <testcase classname="com.cms.tests.LoginTest" name="testcase01" time="8.001"/>
</testsuite> <!-- com.cms.tests.LoginTest -->
