<?xml version="1.0" encoding="UTF-8"?>
<!-- Generated by org.testng.reporters.JUnitReportReporter -->
<testsuite hostname="HPE-5CG3305631" failures="0" tests="5" name="com.cms.tests.AddcontactTest" time="77.703" errors="0" timestamp="2026-01-04T17:14:26 IST" skipped="0">
  <testcase classname="com.cms.tests.AddcontactTest" name="testcase02" time="14.325"/>
  <testcase classname="com.cms.tests.AddcontactTest" name="testcase03" time="15.941"/>
  <testcase classname="com.cms.tests.AddcontactTest" name="testcase04" time="17.460"/>
  <testcase classname="com.cms.tests.AddcontactTest" name="testcase01" time="12.135"/>
  <testcase classname="com.cms.tests.AddcontactTest" name="testcase05" time="17.842"/>
</testsuite> <!-- com.cms.tests.AddcontactTest -->
