<?xml version="1.0" encoding="UTF-8"?>
<!-- Generated by org.testng.reporters.JUnitReportReporter -->
<testsuite hostname="HPE-5CG3305631" failures="0" tests="5" name="com.cms.tests.LoginTest" time="46.983" errors="0" timestamp="2026-01-04T17:14:27 IST" skipped="0">
  <testcase classname="com.cms.tests.LoginTest" name="testcase02" time="11.984"/>
  <testcase classname="com.cms.tests.LoginTest" name="testcase01" time="7.876"/>
  <testcase classname="com.cms.tests.LoginTest" name="testcase04" time="7.142"/>
  <testcase classname="com.cms.tests.LoginTest" name="testcase05" time="9.533"/>
  <testcase classname="com.cms.tests.LoginTest" name="testcase03" time="10.448"/>
</testsuite> <!-- com.cms.tests.LoginTest -->
