<?xml version="1.0" encoding="UTF-8"?>
<!-- Generated by org.testng.reporters.JUnitReportReporter -->
<testsuite hostname="HPE-5CG3305631" failures="0" tests="5" name="com.cms.tests.SignupTest" time="53.537" errors="0" timestamp="2026-01-04T17:14:27 IST" skipped="0">
  <testcase classname="com.cms.tests.SignupTest" name="testcase03" time="10.116"/>
  <testcase classname="com.cms.tests.SignupTest" name="testcase01" time="11.339"/>
  <testcase classname="com.cms.tests.SignupTest" name="testcase04" time="10.511"/>
  <testcase classname="com.cms.tests.SignupTest" name="testcase02" time="11.044"/>
  <testcase classname="com.cms.tests.SignupTest" name="testcase05" time="10.527"/>
</testsuite> <!-- com.cms.tests.SignupTest -->
